<?xml version="1.0" encoding="UTF-8" ?>
<testsuites>
 <testsuite name="hello page" timestamp="2016-03-23T16:48:58" hostname="localhost" time="0.747" errors="0" tests="2" skipped="0" disabled="0" failures="0">
  <testcase classname="hello page" name="should set the correct text to h1" time="0.39" />
  <testcase classname="hello page" name="should also work with model and bindings" time="0.357" />
 </testsuite>
</testsuites>