<?xml version="1.0" encoding="UTF-8" ?>
<testsuites>
 <testsuite name="Books" timestamp="2016-03-27T18:29:40" hostname="localhost" time="0.764" errors="0" tests="1" skipped="0" disabled="0" failures="0">
  <testcase classname="Books" name="should show all books" time="0.762" />
 </testsuite>
 <testsuite name="hello page" timestamp="2016-03-27T18:29:41" hostname="localhost" time="0.92" errors="0" tests="2" skipped="0" disabled="0" failures="0">
  <testcase classname="hello page" name="should set the correct text to h1" time="0.496" />
  <testcase classname="hello page" name="should also work with model and bindings" time="0.423" />
 </testsuite>
 <testsuite name="Books" timestamp="2016-03-27T18:29:42" hostname="localhost" time="25.974" errors="0" tests="1" skipped="0" disabled="0" failures="1">
  <testcase classname="Books" name="should login with params" time="25.973">
   <failure type="toBe" message="Expected &apos;/login&apos; to be &apos;/dashboard&apos;."><![CDATA[Error: Failed expectation
    at Object.<anonymous> (/Users/robinboehm/development/e2e/bookmonkey-app-e2e/e2e/login.e2e.js:22:41)
    at /Users/robinboehm/.node/lib/node_modules/protractor/node_modules/jasminewd2/index.js:96:23
    at new Promise (/Users/robinboehm/.node/lib/node_modules/protractor/node_modules/selenium-webdriver/lib/promise.js:1043:7)
    at controlFlowExecute (/Users/robinboehm/.node/lib/node_modules/protractor/node_modules/jasminewd2/index.js:82:18)
    at TaskQueue.execute_ (/Users/robinboehm/.node/lib/node_modules/protractor/node_modules/selenium-webdriver/lib/promise.js:2790:14)
    at TaskQueue.executeNext_ (/Users/robinboehm/.node/lib/node_modules/protractor/node_modules/selenium-webdriver/lib/promise.js:2773:21)
    at /Users/robinboehm/.node/lib/node_modules/protractor/node_modules/selenium-webdriver/lib/promise.js:2697:25
    at /Users/robinboehm/.node/lib/node_modules/protractor/node_modules/selenium-webdriver/lib/promise.js:639:7
    at process._tickCallback (node.js:401:9)]]>
   </failure>
  </testcase>
 </testsuite>
</testsuites>